SAGEMCOM S211
Control-C to quit
{'timestamp': '2021-05-02T14:17:14', 'daytime': '000736.541', 'nighttime': '000681.827'}
Couldn't reach the server.
{'timestamp': '2021-05-02T14:18:14', 'daytime': '000736.541', 'nighttime': '000681.866'}
Couldn't reach the server.
{'timestamp': '2021-05-02T14:19:14', 'daytime': '000736.541', 'nighttime': '000681.905'}
Couldn't reach the server.
{'timestamp': '2021-05-02T14:20:14', 'daytime': '000736.541', 'nighttime': '000681.944'}
Couldn't reach the server.
{'timestamp': '2021-05-02T14:21:14', 'daytime': '000736.541', 'nighttime': '000681.982'}
Couldn't reach the server.
{'timestamp': '2021-05-02T14:22:14', 'daytime': '000736.541', 'nighttime': '000682.017'}
Couldn't reach the server.
{'timestamp': '2021-05-02T14:23:14', 'daytime': '000736.541', 'nighttime': '000682.019'}
Couldn't reach the server.
{'timestamp': '2021-05-02T14:24:14', 'daytime': '000736.541', 'nighttime': '000682.021'}
Couldn't reach the server.
{'timestamp': '2021-05-02T14:25:14', 'daytime': '000736.541', 'nighttime': '000682.024'}
Couldn't reach the server.
{'timestamp': '2021-05-02T14:26:14', 'daytime': '000736.541', 'nighttime': '000682.026'}
Couldn't reach the server.
{'timestamp': '2021-05-02T14:27:14', 'daytime': '000736.541', 'nighttime': '000682.029'}
Couldn't reach the server.
{'timestamp': '2021-05-02T14:28:14', 'daytime': '000736.541', 'nighttime': '000682.031'}
Couldn't reach the server.
{'timestamp': '2021-05-02T14:29:14', 'daytime': '000736.541', 'nighttime': '000682.034'}
Couldn't reach the server.
{'timestamp': '2021-05-02T14:30:14', 'daytime': '000736.541', 'nighttime': '000682.037'}
Couldn't reach the server.
{'timestamp': '2021-05-02T14:31:14', 'daytime': '000736.541', 'nighttime': '000682.040'}
Couldn't reach the server.
{'timestamp': '2021-05-02T14:32:14', 'daytime': '000736.541', 'nighttime': '000682.042'}
Couldn't reach the server.
{'timestamp': '2021-05-02T14:33:14', 'daytime': '000736.541', 'nighttime': '000682.045'}
Couldn't reach the server.
{'timestamp': '2021-05-02T14:34:14', 'daytime': '000736.541', 'nighttime': '000682.047'}
<Response [201]>
{'timestamp': '2021-05-02T14:35:16', 'daytime': '000736.541', 'nighttime': '000682.050'}
<Response [201]>
{'timestamp': '2021-05-02T14:36:15', 'daytime': '000736.541', 'nighttime': '000682.052'}
<Response [201]>
{'timestamp': '2021-05-02T14:37:16', 'daytime': '000736.541', 'nighttime': '000682.054'}
<Response [201]>
{'timestamp': '2021-05-02T14:38:16', 'daytime': '000736.541', 'nighttime': '000682.057'}
<Response [201]>
{'timestamp': '2021-05-02T14:39:15', 'daytime': '000736.541', 'nighttime': '000682.059'}
<Response [201]>
{'timestamp': '2021-05-02T14:40:16', 'daytime': '000736.541', 'nighttime': '000682.062'}
<Response [201]>
{'timestamp': '2021-05-02T14:41:16', 'daytime': '000736.541', 'nighttime': '000682.064'}
<Response [201]>
{'timestamp': '2021-05-02T14:42:15', 'daytime': '000736.541', 'nighttime': '000682.066'}
<Response [201]>
{'timestamp': '2021-05-02T14:43:15', 'daytime': '000736.541', 'nighttime': '000682.069'}
<Response [201]>
{'timestamp': '2021-05-02T14:44:16', 'daytime': '000736.541', 'nighttime': '000682.071'}
<Response [201]>
{'timestamp': '2021-05-02T14:45:16', 'daytime': '000736.541', 'nighttime': '000682.074'}
<Response [201]>
{'timestamp': '2021-05-02T14:46:15', 'daytime': '000736.541', 'nighttime': '000682.076'}
<Response [201]>
{'timestamp': '2021-05-02T14:47:16', 'daytime': '000736.541', 'nighttime': '000682.078'}
<Response [201]>
{'timestamp': '2021-05-02T14:48:16', 'daytime': '000736.541', 'nighttime': '000682.081'}
<Response [201]>
{'timestamp': '2021-05-02T14:49:15', 'daytime': '000736.541', 'nighttime': '000682.083'}
<Response [201]>
{'timestamp': '2021-05-02T14:50:16', 'daytime': '000736.541', 'nighttime': '000682.085'}
<Response [201]>
{'timestamp': '2021-05-02T14:51:16', 'daytime': '000736.541', 'nighttime': '000682.088'}
<Response [201]>
{'timestamp': '2021-05-02T14:52:15', 'daytime': '000736.541', 'nighttime': '000682.090'}
<Response [201]>
{'timestamp': '2021-05-02T14:53:16', 'daytime': '000736.541', 'nighttime': '000682.092'}
<Response [201]>
{'timestamp': '2021-05-02T14:54:16', 'daytime': '000736.541', 'nighttime': '000682.095'}
<Response [201]>
{'timestamp': '2021-05-02T14:55:15', 'daytime': '000736.541', 'nighttime': '000682.098'}
Couldn't reach the server.
{'timestamp': '2021-05-02T14:56:14', 'daytime': '000736.541', 'nighttime': '000682.100'}
Couldn't reach the server.
{'timestamp': '2021-05-02T14:57:14', 'daytime': '000736.541', 'nighttime': '000682.102'}
<Response [201]>
{'timestamp': '2021-05-02T14:58:15', 'daytime': '000736.541', 'nighttime': '000682.105'}
<Response [201]>
{'timestamp': '2021-05-02T14:59:16', 'daytime': '000736.541', 'nighttime': '000682.108'}
<Response [201]>
{'timestamp': '2021-05-02T15:00:17', 'daytime': '000736.541', 'nighttime': '000682.110'}
<Response [201]>
{'timestamp': '2021-05-02T15:01:15', 'daytime': '000736.541', 'nighttime': '000682.113'}
<Response [201]>
{'timestamp': '2021-05-02T15:02:15', 'daytime': '000736.541', 'nighttime': '000682.115'}
<Response [201]>
{'timestamp': '2021-05-02T15:03:16', 'daytime': '000736.541', 'nighttime': '000682.118'}
<Response [201]>
{'timestamp': '2021-05-02T15:04:16', 'daytime': '000736.541', 'nighttime': '000682.121'}
<Response [201]>
{'timestamp': '2021-05-02T15:05:15', 'daytime': '000736.541', 'nighttime': '000682.123'}
<Response [201]>
{'timestamp': '2021-05-02T15:06:16', 'daytime': '000736.541', 'nighttime': '000682.126'}
<Response [201]>
{'timestamp': '2021-05-02T15:07:16', 'daytime': '000736.541', 'nighttime': '000682.128'}
<Response [201]>
{'timestamp': '2021-05-02T15:08:15', 'daytime': '000736.541', 'nighttime': '000682.130'}
<Response [201]>
{'timestamp': '2021-05-02T15:09:16', 'daytime': '000736.541', 'nighttime': '000682.133'}
<Response [201]>
{'timestamp': '2021-05-02T15:10:16', 'daytime': '000736.541', 'nighttime': '000682.136'}
<Response [201]>
{'timestamp': '2021-05-02T15:11:15', 'daytime': '000736.541', 'nighttime': '000682.139'}
<Response [201]>
{'timestamp': '2021-05-02T15:12:16', 'daytime': '000736.541', 'nighttime': '000682.142'}
<Response [201]>
{'timestamp': '2021-05-02T15:13:16', 'daytime': '000736.541', 'nighttime': '000682.145'}
<Response [201]>
{'timestamp': '2021-05-02T15:14:15', 'daytime': '000736.541', 'nighttime': '000682.148'}
<Response [201]>
{'timestamp': '2021-05-02T15:15:16', 'daytime': '000736.541', 'nighttime': '000682.152'}
<Response [201]>
{'timestamp': '2021-05-02T15:16:16', 'daytime': '000736.541', 'nighttime': '000682.155'}
<Response [201]>
{'timestamp': '2021-05-02T15:17:15', 'daytime': '000736.541', 'nighttime': '000682.158'}
<Response [201]>
{'timestamp': '2021-05-02T15:18:16', 'daytime': '000736.541', 'nighttime': '000682.161'}
<Response [201]>
{'timestamp': '2021-05-02T15:19:16', 'daytime': '000736.541', 'nighttime': '000682.164'}
<Response [201]>
{'timestamp': '2021-05-02T15:20:15', 'daytime': '000736.541', 'nighttime': '000682.168'}
<Response [201]>
{'timestamp': '2021-05-02T15:21:15', 'daytime': '000736.541', 'nighttime': '000682.171'}
<Response [201]>
{'timestamp': '2021-05-02T15:22:16', 'daytime': '000736.541', 'nighttime': '000682.174'}
<Response [201]>
{'timestamp': '2021-05-02T15:23:15', 'daytime': '000736.541', 'nighttime': '000682.177'}
<Response [201]>
{'timestamp': '2021-05-02T15:24:16', 'daytime': '000736.541', 'nighttime': '000682.181'}
<Response [201]>
{'timestamp': '2021-05-02T15:25:16', 'daytime': '000736.541', 'nighttime': '000682.186'}
<Response [201]>
{'timestamp': '2021-05-02T15:26:16', 'daytime': '000736.541', 'nighttime': '000682.190'}
<Response [201]>
{'timestamp': '2021-05-02T15:27:15', 'daytime': '000736.541', 'nighttime': '000682.194'}
<Response [201]>
{'timestamp': '2021-05-02T15:28:16', 'daytime': '000736.541', 'nighttime': '000682.199'}
<Response [201]>
{'timestamp': '2021-05-02T15:29:16', 'daytime': '000736.541', 'nighttime': '000682.203'}
<Response [201]>
{'timestamp': '2021-05-02T15:30:15', 'daytime': '000736.541', 'nighttime': '000682.208'}
<Response [201]>
{'timestamp': '2021-05-02T15:31:16', 'daytime': '000736.541', 'nighttime': '000682.212'}
<Response [201]>
{'timestamp': '2021-05-02T15:32:16', 'daytime': '000736.541', 'nighttime': '000682.216'}